d:\google drive\uni\year 2\cpp\cpp_game\debug\courseworkbase.bsc
d:\google drive\uni\year 2\cpp\cpp_game\debug\vc120.pdb
d:\google drive\uni\year 2\cpp\cpp_game\debug\vc120.idb
d:\google drive\uni\year 2\cpp\cpp_game\debug\bullet.sbr
d:\google drive\uni\year 2\cpp\cpp_game\debug\entity.sbr
d:\google drive\uni\year 2\cpp\cpp_game\debug\game.sbr
d:\google drive\uni\year 2\cpp\cpp_game\debug\gameengine.sbr
d:\google drive\uni\year 2\cpp\cpp_game\debug\gametilemanager.sbr
d:\google drive\uni\year 2\cpp\cpp_game\debug\pausestate.sbr
d:\google drive\uni\year 2\cpp\cpp_game\debug\plasmaorb.sbr
d:\google drive\uni\year 2\cpp\cpp_game\debug\player.sbr
d:\google drive\uni\year 2\cpp\cpp_game\debug\playstate.sbr
d:\google drive\uni\year 2\cpp\cpp_game\debug\statemanager.sbr
d:\google drive\uni\year 2\cpp\cpp_game\debug\mainfunction.sbr
d:\google drive\uni\year 2\cpp\cpp_game\debug\baseengine.sbr
d:\google drive\uni\year 2\cpp\cpp_game\debug\displayableobject.sbr
d:\google drive\uni\year 2\cpp\cpp_game\debug\fontmanager.sbr
d:\google drive\uni\year 2\cpp\cpp_game\debug\jpgimage.sbr
d:\google drive\uni\year 2\cpp\cpp_game\debug\menustate.sbr
d:\google drive\uni\year 2\cpp\cpp_game\debug\simpledemo.sbr
d:\google drive\uni\year 2\cpp\cpp_game\debug\state.sbr
d:\google drive\uni\year 2\cpp\cpp_game\debug\tilemanager.sbr
d:\google drive\uni\year 2\cpp\cpp_game\debug\bouncingball.sbr
d:\google drive\uni\year 2\cpp\cpp_game\debug\bouncingball.obj
d:\google drive\uni\year 2\cpp\cpp_game\debug\tilemanager.obj
d:\google drive\uni\year 2\cpp\cpp_game\debug\state.obj
d:\google drive\uni\year 2\cpp\cpp_game\debug\simpledemo.obj
d:\google drive\uni\year 2\cpp\cpp_game\debug\menustate.obj
d:\google drive\uni\year 2\cpp\cpp_game\debug\jpgimage.obj
d:\google drive\uni\year 2\cpp\cpp_game\debug\fontmanager.obj
d:\google drive\uni\year 2\cpp\cpp_game\debug\displayableobject.obj
d:\google drive\uni\year 2\cpp\cpp_game\debug\baseengine.obj
d:\google drive\uni\year 2\cpp\cpp_game\debug\mainfunction.obj
d:\google drive\uni\year 2\cpp\cpp_game\debug\statemanager.obj
d:\google drive\uni\year 2\cpp\cpp_game\debug\playstate.obj
d:\google drive\uni\year 2\cpp\cpp_game\debug\player.obj
d:\google drive\uni\year 2\cpp\cpp_game\debug\plasmaorb.obj
d:\google drive\uni\year 2\cpp\cpp_game\debug\pausestate.obj
d:\google drive\uni\year 2\cpp\cpp_game\debug\gametilemanager.obj
d:\google drive\uni\year 2\cpp\cpp_game\debug\gameengine.obj
d:\google drive\uni\year 2\cpp\cpp_game\debug\game.obj
d:\google drive\uni\year 2\cpp\cpp_game\debug\entity.obj
d:\google drive\uni\year 2\cpp\cpp_game\debug\bullet.obj
d:\google drive\uni\year 2\cpp\cpp_game\debug\bouncingballmain.sbr
d:\google drive\uni\year 2\cpp\cpp_game\debug\demo1main.sbr
d:\google drive\uni\year 2\cpp\cpp_game\debug\demo2main.sbr
d:\google drive\uni\year 2\cpp\cpp_game\debug\demo2object.sbr
d:\google drive\uni\year 2\cpp\cpp_game\debug\demo2tilemanager.sbr
d:\google drive\uni\year 2\cpp\cpp_game\debug\demo3main.sbr
d:\google drive\uni\year 2\cpp\cpp_game\debug\demo3object.sbr
d:\google drive\uni\year 2\cpp\cpp_game\debug\demo3objectfinished.sbr
d:\google drive\uni\year 2\cpp\cpp_game\debug\demo3tilemanager.sbr
d:\google drive\uni\year 2\cpp\cpp_game\debug\demo4main.sbr
d:\google drive\uni\year 2\cpp\cpp_game\debug\demo4object.sbr
d:\google drive\uni\year 2\cpp\cpp_game\debug\demo4tilemanager.sbr
d:\google drive\uni\year 2\cpp\cpp_game\debug\demo4tilemanager.obj
d:\google drive\uni\year 2\cpp\cpp_game\debug\demo4object.obj
d:\google drive\uni\year 2\cpp\cpp_game\debug\demo4main.obj
d:\google drive\uni\year 2\cpp\cpp_game\debug\demo3tilemanager.obj
d:\google drive\uni\year 2\cpp\cpp_game\debug\demo3objectfinished.obj
d:\google drive\uni\year 2\cpp\cpp_game\debug\demo3object.obj
d:\google drive\uni\year 2\cpp\cpp_game\debug\demo3main.obj
d:\google drive\uni\year 2\cpp\cpp_game\debug\demo2tilemanager.obj
d:\google drive\uni\year 2\cpp\cpp_game\debug\demo2object.obj
d:\google drive\uni\year 2\cpp\cpp_game\debug\demo2main.obj
d:\google drive\uni\year 2\cpp\cpp_game\debug\demo1main.obj
d:\google drive\uni\year 2\cpp\cpp_game\debug\bouncingballmain.obj
d:\google drive\uni\year 2\cpp\cpp_game\debug\largeorb.sbr
d:\google drive\uni\year 2\cpp\cpp_game\debug\largeorb.obj
d:\google drive\uni\year 2\cpp\cpp_game\debug\smallorb.sbr
d:\google drive\uni\year 2\cpp\cpp_game\debug\smallorb.obj
d:\google drive\uni\year 2\cpp\cpp_game\debug\homingbullet.sbr
d:\google drive\uni\year 2\cpp\cpp_game\debug\homingbullet.obj
d:\google drive\uni\year 2\cpp\cpp_game\debug\hostile.sbr
d:\google drive\uni\year 2\cpp\cpp_game\debug\hostile.obj
d:\google drive\uni\year 2\cpp\cpp_game\debug\courseworkbase.ilk
d:\google drive\uni\year 2\cpp\cpp_game\debug\courseworkbase.exe
d:\google drive\uni\year 2\cpp\cpp_game\src\map
d:\google drive\uni\year 2\cpp\cpp_game\debug\courseworkbase.pdb
d:\google drive\uni\year 2\cpp\cpp_game\debug\gameobject.obj
d:\google drive\uni\year 2\cpp\cpp_game\debug\gameobject.sbr
d:\google drive\uni\year 2\cpp\cpp_game\debug\utility.sbr
d:\google drive\uni\year 2\cpp\cpp_game\/debug\courseworkbase.pdb
d:\google drive\uni\year 2\cpp\cpp_game\/debug\courseworkbase.exe
d:\google drive\uni\year 2\cpp\cpp_game\/debug\courseworkbase.bsc
d:\google drive\uni\year 2\cpp\cpp_game\/debug\courseworkbase.ilk
d:\google drive\uni\year 2\cpp\cpp_game\debug\courseworkbase.tlog\bscmake.command.1.tlog
d:\google drive\uni\year 2\cpp\cpp_game\debug\courseworkbase.tlog\bscmake.read.1.tlog
d:\google drive\uni\year 2\cpp\cpp_game\debug\courseworkbase.tlog\bscmake.write.1.tlog
d:\google drive\uni\year 2\cpp\cpp_game\debug\courseworkbase.tlog\cl.command.1.tlog
d:\google drive\uni\year 2\cpp\cpp_game\debug\courseworkbase.tlog\cl.read.1.tlog
d:\google drive\uni\year 2\cpp\cpp_game\debug\courseworkbase.tlog\cl.write.1.tlog
d:\google drive\uni\year 2\cpp\cpp_game\debug\courseworkbase.tlog\link.command.1.tlog
d:\google drive\uni\year 2\cpp\cpp_game\debug\courseworkbase.tlog\link.read.1.tlog
d:\google drive\uni\year 2\cpp\cpp_game\debug\courseworkbase.tlog\link.write.1.tlog
